2026-01-30T19:51:18 [SYSTEM] Telescope control system started.
2026-01-30T19:51:18 [CMD] MoveCommand START
2026-01-30T19:51:18 [CMD] MoveCommand RUNNING
2026-01-30T19:51:18 [CMD] MoveCommand SUCCESS
2026-01-30T19:51:18 [CMD] MoveCommand START
2026-01-30T19:51:18 [CMD] MoveCommand RUNNING
2026-01-30T19:51:39 [CMD] MoveCommand SUCCESS
2026-01-30T19:51:39 [SYSTEM] Telescope STOPPED. Command queue halted.
2026-01-30T20:10:48 [CMD] MoveCommand START
2026-01-30T20:10:48 [CMD] MoveCommand RUNNING
2026-01-30T20:10:48 [CMD] MoveCommand SUCCESS
2026-01-30T20:10:53 [CMD] MoveCommand START
2026-01-30T20:10:53 [CMD] MoveCommand RUNNING
2026-01-30T20:11:09 [CMD] MoveCommand SUCCESS
2026-01-30T20:11:09 [SYSTEM] Telescope STOPPED. Command queue halted.
2026-01-30T20:11:27 [CMD] MoveCommand START
2026-01-30T20:11:27 [CMD] MoveCommand RUNNING
2026-01-30T20:11:27 [CMD] MoveCommand SUCCESS
2026-01-30T20:11:32 [CMD] MoveCommand START
2026-01-30T20:11:32 [CMD] MoveCommand RUNNING
2026-01-30T20:11:48 [CMD] MoveCommand SUCCESS
2026-01-30T20:11:48 [SYSTEM] Telescope STOPPED. Command queue halted.
2026-01-30T20:16:53 [CMD] MoveCommand START
2026-01-30T20:16:53 [CMD] MoveCommand RUNNING
2026-01-30T20:16:53 [CMD] MoveCommand SUCCESS
2026-01-30T20:16:58 [CMD] MoveCommand START
2026-01-30T20:16:58 [CMD] MoveCommand RUNNING
2026-01-30T20:17:14 [CMD] MoveCommand SUCCESS
2026-01-30T20:17:14 [SYSTEM] Telescope STOPPED. Command queue halted.
